2021-11-13 13:51:57.018  INFO 14224 --- [main] t.e.spring.EntrepriseServiceImplTest     : Starting EntrepriseServiceImplTest on LAPTOP-40O46OMC with PID 14224 (started by frauDEee in C:\Users\frauDEee\Downloads\DevOps-Timesheet-main\DevOps-Timesheet-main)
2021-11-13 13:51:57.026  INFO 14224 --- [main] t.e.spring.EntrepriseServiceImplTest     : No active profile set, falling back to default profiles: default
2021-11-13 13:51:58.823  INFO 14224 --- [main] o.hibernate.jpa.internal.util.LogHelper  : HHH000204: Processing PersistenceUnitInfo [name: default]
2021-11-13 13:51:58.942  INFO 14224 --- [main] org.hibernate.Version                    : HHH000412: Hibernate Core {5.4.8.Final}
2021-11-13 13:51:59.164  INFO 14224 --- [main] o.hibernate.annotations.common.Version   : HCANN000001: Hibernate Commons Annotations {5.1.0.Final}
2021-11-13 13:52:00.183  INFO 14224 --- [main] org.hibernate.dialect.Dialect            : HHH000400: Using dialect: org.hibernate.dialect.MySQL5InnoDBDialect
2021-11-13 13:52:01.330  INFO 14224 --- [main] o.h.e.t.j.p.i.JtaPlatformInitiator       : HHH000490: Using JtaPlatform implementation: [org.hibernate.engine.transaction.jta.platform.internal.NoJtaPlatform]
2021-11-13 13:52:02.662  WARN 14224 --- [main] JpaBaseConfiguration$JpaWebConfiguration : spring.jpa.open-in-view is enabled by default. Therefore, database queries may be performed during view rendering. Explicitly configure spring.jpa.open-in-view to disable this warning
2021-11-13 13:52:03.500  INFO 14224 --- [main] t.e.spring.EntrepriseServiceImplTest     : Started EntrepriseServiceImplTest in 7.056 seconds (JVM running for 8.158)
2021-11-13 13:57:21.767  INFO 2588 --- [main] t.e.spring.EntrepriseServiceImplTest     : Starting EntrepriseServiceImplTest on LAPTOP-40O46OMC with PID 2588 (started by frauDEee in C:\Users\frauDEee\Downloads\DevOps-Timesheet-main\DevOps-Timesheet-main)
2021-11-13 13:57:21.769  INFO 2588 --- [main] t.e.spring.EntrepriseServiceImplTest     : No active profile set, falling back to default profiles: default
2021-11-13 13:57:23.347  INFO 2588 --- [main] o.hibernate.jpa.internal.util.LogHelper  : HHH000204: Processing PersistenceUnitInfo [name: default]
2021-11-13 13:57:23.439  INFO 2588 --- [main] org.hibernate.Version                    : HHH000412: Hibernate Core {5.4.8.Final}
2021-11-13 13:57:23.611  INFO 2588 --- [main] o.hibernate.annotations.common.Version   : HCANN000001: Hibernate Commons Annotations {5.1.0.Final}
2021-11-13 13:57:24.576  INFO 2588 --- [main] org.hibernate.dialect.Dialect            : HHH000400: Using dialect: org.hibernate.dialect.MySQL5InnoDBDialect
2021-11-13 13:57:25.614  INFO 2588 --- [main] o.h.e.t.j.p.i.JtaPlatformInitiator       : HHH000490: Using JtaPlatform implementation: [org.hibernate.engine.transaction.jta.platform.internal.NoJtaPlatform]
2021-11-13 13:57:26.723  WARN 2588 --- [main] JpaBaseConfiguration$JpaWebConfiguration : spring.jpa.open-in-view is enabled by default. Therefore, database queries may be performed during view rendering. Explicitly configure spring.jpa.open-in-view to disable this warning
2021-11-13 13:57:27.664  INFO 2588 --- [main] t.e.spring.EntrepriseServiceImplTest     : Started EntrepriseServiceImplTest in 6.318 seconds (JVM running for 7.362)
2021-11-13 17:21:46.848  INFO 17884 --- [main] t.e.spring.EntrepriseServiceImplTest     : Starting EntrepriseServiceImplTest on LAPTOP-40O46OMC with PID 17884 (started by frauDEee in C:\Users\frauDEee\Downloads\DevOps-Timesheet-main\DevOps-Timesheet-main)
2021-11-13 17:21:46.849  INFO 17884 --- [main] t.e.spring.EntrepriseServiceImplTest     : No active profile set, falling back to default profiles: default
2021-11-13 17:21:48.501  INFO 17884 --- [main] o.hibernate.jpa.internal.util.LogHelper  : HHH000204: Processing PersistenceUnitInfo [name: default]
2021-11-13 17:21:48.587  INFO 17884 --- [main] org.hibernate.Version                    : HHH000412: Hibernate Core {5.4.8.Final}
2021-11-13 17:21:48.747  INFO 17884 --- [main] o.hibernate.annotations.common.Version   : HCANN000001: Hibernate Commons Annotations {5.1.0.Final}
2021-11-13 17:21:49.679  INFO 17884 --- [main] org.hibernate.dialect.Dialect            : HHH000400: Using dialect: org.hibernate.dialect.MySQL5InnoDBDialect
2021-11-13 17:21:50.691  INFO 17884 --- [main] o.h.e.t.j.p.i.JtaPlatformInitiator       : HHH000490: Using JtaPlatform implementation: [org.hibernate.engine.transaction.jta.platform.internal.NoJtaPlatform]
2021-11-13 17:21:51.763  WARN 17884 --- [main] JpaBaseConfiguration$JpaWebConfiguration : spring.jpa.open-in-view is enabled by default. Therefore, database queries may be performed during view rendering. Explicitly configure spring.jpa.open-in-view to disable this warning
2021-11-13 17:21:52.690  INFO 17884 --- [main] t.e.spring.EntrepriseServiceImplTest     : Started EntrepriseServiceImplTest in 6.242 seconds (JVM running for 7.263)
2021-11-13 17:23:11.072  INFO 16080 --- [main] t.e.spring.EntrepriseServiceImplTest     : Starting EntrepriseServiceImplTest on LAPTOP-40O46OMC with PID 16080 (started by frauDEee in C:\Users\frauDEee\Downloads\DevOps-Timesheet-main\DevOps-Timesheet-main)
2021-11-13 17:23:11.073  INFO 16080 --- [main] t.e.spring.EntrepriseServiceImplTest     : No active profile set, falling back to default profiles: default
2021-11-13 17:23:12.624  INFO 16080 --- [main] o.hibernate.jpa.internal.util.LogHelper  : HHH000204: Processing PersistenceUnitInfo [name: default]
2021-11-13 17:23:12.706  INFO 16080 --- [main] org.hibernate.Version                    : HHH000412: Hibernate Core {5.4.8.Final}
2021-11-13 17:23:12.858  INFO 16080 --- [main] o.hibernate.annotations.common.Version   : HCANN000001: Hibernate Commons Annotations {5.1.0.Final}
2021-11-13 17:23:13.810  INFO 16080 --- [main] org.hibernate.dialect.Dialect            : HHH000400: Using dialect: org.hibernate.dialect.MySQL5InnoDBDialect
2021-11-13 17:23:14.868  INFO 16080 --- [main] o.h.e.t.j.p.i.JtaPlatformInitiator       : HHH000490: Using JtaPlatform implementation: [org.hibernate.engine.transaction.jta.platform.internal.NoJtaPlatform]
2021-11-13 17:23:16.079  WARN 16080 --- [main] JpaBaseConfiguration$JpaWebConfiguration : spring.jpa.open-in-view is enabled by default. Therefore, database queries may be performed during view rendering. Explicitly configure spring.jpa.open-in-view to disable this warning
2021-11-13 17:23:17.069  INFO 16080 --- [main] t.e.spring.EntrepriseServiceImplTest     : Started EntrepriseServiceImplTest in 6.39 seconds (JVM running for 7.42)
